<?xml version="1.0" encoding="UTF-8"?>
<!-- Generated by org.testng.reporters.JUnitXMLReporter -->
<testsuite ignored="2" hostname="LAPTOP-K5OJ0UBF" failures="0" tests="5" name="Car Loan" time="0.039" errors="0" timestamp="2024-12-18T12:30:30 IST">
  <testcase classname="test.Day3" name="MobileLogInCarLoan" time="0.006"/>
  <testcase classname="test.Day3" name="MobileSignInCarLoan" time="0.001"/>
  <testcase classname="test.Day3" name="MobileSignInCarLoan" time="0.0"/>
  <testcase classname="test.Day3" name="MobileSignInCarLoan" time="0.0"/>
  <testcase classname="test.Day3" name="MobileSignOutCarLoan" time="0.001"/>
  <testcase classname="test.Day3" name="LoginAPICarLoan" time="0.0">
    <ignored/>
  </testcase> <!-- LoginAPICarLoan -->
  <testcase classname="test.Day3" name="WebLoginCarLoan" time="0.0">
    <ignored/>
  </testcase> <!-- WebLoginCarLoan -->
</testsuite> <!-- Car Loan -->
