<?xml version="1.0" encoding="UTF-8"?>
<!-- Generated by org.testng.reporters.JUnitXMLReporter -->
<testsuite ignored="0" hostname="LAPTOP-K5OJ0UBF" failures="0" tests="3" name="Home Loan" time="0.036" errors="0" timestamp="2024-12-18T12:30:30 IST">
  <testcase classname="test.Day4" name="LoginAPIHomeLoan" time="0.006"/>
  <testcase classname="test.Day4" name="MobileLogInHomeLoan" time="0.001"/>
  <testcase classname="test.Day4" name="WebLoginHomeLoan" time="0.0"/>
</testsuite> <!-- Home Loan -->
