<?xml version="1.0" encoding="UTF-8"?>
<!-- Generated by org.testng.reporters.JUnitXMLReporter -->
<testsuite ignored="0" hostname="LAPTOP-K5OJ0UBF" failures="1" tests="5" name="Personal Loan" time="0.043" errors="0" timestamp="2024-12-18T12:30:30 IST">
  <testcase classname="test.Day1" name="Demo" time="0.006"/>
  <testcase classname="test.Day1" name="Demo1" time="0.002"/>
  <testcase classname="test.Day1" name="Demo1_1" time="0.003">
    <failure type="java.lang.AssertionError" message="expected [true] but found [false]">
      <![CDATA[java.lang.AssertionError: expected [true] but found [false]
at test.Day1.Demo1_1(Day1.java:27)
at java.base/java.util.ArrayList.forEach(ArrayList.java:1596)
at java.base/java.util.concurrent.FutureTask.run(FutureTask.java:317)
at java.base/java.util.concurrent.ThreadPoolExecutor.runWorker(ThreadPoolExecutor.java:1144)
at java.base/java.util.concurrent.ThreadPoolExecutor$Worker.run(ThreadPoolExecutor.java:642)
at java.base/java.lang.Thread.run(Thread.java:1583)
... Removed 20 stack frames]]>
    </failure>
  </testcase> <!-- Demo1_1 -->
  <testcase classname="test.Day2" name="Demo3" time="0.002"/>
  <testcase classname="test.Day2" name="Demo4" time="0.0"/>
</testsuite> <!-- Personal Loan -->
