<?xml version="1.0" encoding="UTF-8"?>
<!-- Generated by org.testng.reporters.JUnitXMLReporter -->
<testsuite ignored="4" hostname="LAPTOP-K5OJ0UBF" failures="0" tests="8" name="Regression" time="0.074" errors="0" timestamp="2024-12-18T08:31:28 IST">
  <testcase classname="test.Day1" name="Demo" time="0.012"/>
  <testcase classname="test.Day3" name="LoginAPICarLoan" time="0.002"/>
  <testcase classname="test.Day3" name="MobileLogInCarLoan" time="0.001"/>
  <testcase classname="test.Day3" name="MobileSignInCarLoan" time="0.002"/>
  <testcase classname="test.Day3" name="MobileSignOutCarLoan" time="0.001"/>
  <testcase classname="test.Day3" name="WebLoginCarLoan" time="0.001"/>
  <testcase classname="test.Day4" name="LoginAPIHomeLoan" time="0.001"/>
  <testcase classname="test.Day4" name="WebLoginHomeLoan" time="0.002"/>
  <testcase classname="test.Day1" name="Demo1" time="0.0">
    <ignored/>
  </testcase> <!-- Demo1 -->
  <testcase classname="test.Day4" name="MobileLogInHomeLoan" time="0.0">
    <ignored/>
  </testcase> <!-- MobileLogInHomeLoan -->
  <testcase classname="test.Day2" name="Demo3" time="0.0">
    <ignored/>
  </testcase> <!-- Demo3 -->
  <testcase classname="test.Day2" name="Demo4" time="0.0">
    <ignored/>
  </testcase> <!-- Demo4 -->
</testsuite> <!-- Regression -->
