<?xml version="1.0" encoding="UTF-8"?>
<testsuite xmlns:xsi="http://www.w3.org/2001/XMLSchema-instance" xsi:noNamespaceSchemaLocation="https://maven.apache.org/surefire/maven-surefire-plugin/xsd/surefire-test-report-3.0.xsd" version="3.0" name="TestSuite" time="0.85" tests="13" errors="0" skipped="0" failures="0">
  <properties>
[...]
</properties>
  <testcase name="MobileLogInCarLoan[www.facebook.com, 1234567](1)" classname="test.Day3" time="0.005">
    <system-out><![CDATA[Itsbeforesuite
I will be getting executed first_1
I will be getting executed first
Day1_1
LoginAPIHomeLoan
homeLoan.com
MobileLogInCarLoan
www.facebook.com
1234567
I successfully executed listeners Pass code
I successfully executed listeners Pass code
I successfully executed listeners Pass code
]]></system-out>
    <system-err><![CDATA[SLF4J: Failed to load class "org.slf4j.impl.StaticLoggerBinder".
SLF4J: Defaulting to no-operation (NOP) logger implementation
SLF4J: See http://www.slf4j.org/codes.html#StaticLoggerBinder for further details.
]]></system-err>
  </testcase>
  <testcase name="MobileSignInCarLoan[firstusername, firstpassword](1)" classname="test.Day3" time="0.004">
    <system-out><![CDATA[MobileSignInCarLoan
firstusernamefirstpassword
I successfully executed listeners Pass code
]]></system-out>
  </testcase>
  <testcase name="MobileSignInCarLoan[secondsetusername, secondpassword](2)" classname="test.Day3" time="0.003">
    <system-out><![CDATA[MobileSignInCarLoan
secondsetusernamesecondpassword
I successfully executed listeners Pass code
]]></system-out>
  </testcase>
  <testcase name="MobileSignInCarLoan[thirdusername, thirdpassword](3)" classname="test.Day3" time="0.001">
    <system-out><![CDATA[MobileSignInCarLoan
thirdusernamethirdpassword
I successfully executed listeners Pass code
]]></system-out>
  </testcase>
  <testcase name="MobileSignOutCarLoan" classname="test.Day3" time="0.001">
    <system-out><![CDATA[MobileSignOutCarLoan
I successfully executed listeners Pass code
]]></system-out>
  </testcase>
  <testcase name="LoginAPIHomeLoan[homeLoan.com](1)" classname="test.Day4" time="0.007"/>
  <testcase name="MobileLogInHomeLoan" classname="test.Day4" time="0.002"/>
  <testcase name="WebLoginHomeLoan" classname="test.Day4" time="0.001">
    <system-out><![CDATA[WebLoginHomeLoan
I will be getting executed last
I successfully executed listeners Pass code
]]></system-out>
  </testcase>
  <testcase name="Demo" classname="test.Day1" time="0.007"/>
  <testcase name="Demo1" classname="test.Day1" time="0.002">
    <system-out><![CDATA[Day1_2
MobileLogInHomeLoan
I successfully executed listeners Pass code
I successfully executed listeners Pass code
]]></system-out>
  </testcase>
  <testcase name="Demo1_1" classname="test.Day1" time="0.005">
    <system-out><![CDATA[I successfully executed listeners Pass code
]]></system-out>
  </testcase>
  <testcase name="Demo3" classname="test.Day2" time="0.002">
    <system-out><![CDATA[Its before Day2
ItsbeforeMethod
Day 2_1
I successfully executed listeners Pass code
]]></system-out>
  </testcase>
  <testcase name="Demo4" classname="test.Day2" time="0">
    <system-out><![CDATA[ItsbeforeMethod
Day2_2
I successfully executed listeners Pass code
]]></system-out>
  </testcase>
</testsuite>