<?xml version="1.0" encoding="UTF-8"?>
<!-- Generated by org.testng.reporters.JUnitXMLReporter -->
<testsuite ignored="2" hostname="LAPTOP-K5OJ0UBF" failures="0" tests="5" name="Car Loan" time="0.073" errors="0" timestamp="2025-11-07T16:22:33 IST">
  <testcase classname="test.Day3" name="MobileLogInCarLoan" time="0.007"/>
  <testcase classname="test.Day3" name="MobileSignInCarLoan" time="0.001"/>
  <testcase classname="test.Day3" name="MobileSignInCarLoan" time="0.0"/>
  <testcase classname="test.Day3" name="MobileSignInCarLoan" time="0.001"/>
  <testcase classname="test.Day3" name="MobileSignOutCarLoan" time="0.001"/>
  <testcase classname="test.Day3" name="WebLoginCarLoan" time="0.0">
    <ignored/>
  </testcase> <!-- WebLoginCarLoan -->
  <testcase classname="test.Day3" name="LoginAPICarLoan" time="0.0">
    <ignored/>
  </testcase> <!-- LoginAPICarLoan -->
</testsuite> <!-- Car Loan -->
