<?xml version="1.0" encoding="UTF-8"?>
<!-- Generated by org.testng.reporters.JUnitXMLReporter -->
<testsuite ignored="0" hostname="LAPTOP-K5OJ0UBF" failures="0" tests="3" name="Home Loan" time="0.073" errors="0" timestamp="2025-11-07T16:22:33 IST">
  <testcase classname="test.Day4" name="LoginAPIHomeLoan" time="0.006"/>
  <testcase classname="test.Day4" name="MobileLogInHomeLoan" time="0.001"/>
  <testcase classname="test.Day4" name="WebLoginHomeLoan" time="0.001"/>
</testsuite> <!-- Home Loan -->
