<?xml version="1.0" encoding="UTF-8"?>
<!-- Generated by org.testng.reporters.JUnitXMLReporter -->
<testsuite ignored="0" hostname="LAPTOP-K5OJ0UBF" failures="0" tests="5" name="Personal Loan" time="0.092" errors="0" timestamp="2025-11-07T16:22:33 IST">
  <testcase classname="test.Day1" name="Demo" time="0.005"/>
  <testcase classname="test.Day1" name="Demo1" time="0.001"/>
  <testcase classname="test.Day1" name="Demo1_1" time="0.01"/>
  <testcase classname="test.Day2" name="Demo3" time="0.001"/>
  <testcase classname="test.Day2" name="Demo4" time="0.001"/>
</testsuite> <!-- Personal Loan -->
