<?xml version="1.0" encoding="UTF-8"?>
<testng-results ignored="2" total="15" passed="12" failed="1" skipped="0">
  <reporter-output>
  </reporter-output>
  <suite started-at="2024-12-18T12:30:30 IST" name="Loan Department" finished-at="2024-12-18T12:30:30 IST" duration-ms="43">
    <groups>
      <group name="Smoke">
        <method signature="Day1.Demo1()[pri:0, instance:test.Day1@28eaa59a]" name="Demo1" class="test.Day1"/>
        <method signature="Day2.Demo3()[pri:0, instance:test.Day2@619713e5]" name="Demo3" class="test.Day2"/>
        <method signature="Day2.Demo4()[pri:0, instance:test.Day2@619713e5]" name="Demo4" class="test.Day2"/>
        <method signature="Day4.MobileLogInHomeLoan()[pri:0, instance:test.Day4@222545dc]" name="MobileLogInHomeLoan" class="test.Day4"/>
      </group> <!-- Smoke -->
    </groups>
    <test started-at="2024-12-18T12:30:30 IST" name="Home Loan" finished-at="2024-12-18T12:30:30 IST" duration-ms="36">
      <class name="test.Day1">
        <test-method is-config="true" signature="ItsAftersuite()[pri:0, instance:test.Day1@28eaa59a]" started-at="2024-12-18T12:30:30 IST" name="ItsAftersuite" finished-at="2024-12-18T12:30:30 IST" duration-ms="0" status="PASS">
          <reporter-output>
          </reporter-output>
        </test-method> <!-- ItsAftersuite -->
      </class> <!-- test.Day1 -->
      <class name="test.Day4">
        <test-method is-config="true" signature="Itsbeforesuite()[pri:0, instance:test.Day4@222545dc]" started-at="2024-12-18T12:30:30 IST" name="Itsbeforesuite" finished-at="2024-12-18T12:30:30 IST" duration-ms="5" status="PASS">
          <reporter-output>
          </reporter-output>
        </test-method> <!-- Itsbeforesuite -->
        <test-method signature="LoginAPIHomeLoan(java.lang.String)[pri:0, instance:test.Day4@222545dc]" started-at="2024-12-18T12:30:30 IST" name="LoginAPIHomeLoan" finished-at="2024-12-18T12:30:30 IST" duration-ms="6" status="PASS">
          <params>
            <param index="0">
              <value>
                <![CDATA[homeLoan.com]]>
              </value>
            </param>
          </params>
          <reporter-output>
          </reporter-output>
        </test-method> <!-- LoginAPIHomeLoan -->
        <test-method signature="MobileLogInHomeLoan()[pri:0, instance:test.Day4@222545dc]" started-at="2024-12-18T12:30:30 IST" name="MobileLogInHomeLoan" finished-at="2024-12-18T12:30:30 IST" duration-ms="1" status="PASS">
          <reporter-output>
          </reporter-output>
        </test-method> <!-- MobileLogInHomeLoan -->
        <test-method signature="WebLoginHomeLoan()[pri:0, instance:test.Day4@222545dc]" started-at="2024-12-18T12:30:30 IST" name="WebLoginHomeLoan" finished-at="2024-12-18T12:30:30 IST" duration-ms="0" status="PASS">
          <reporter-output>
          </reporter-output>
        </test-method> <!-- WebLoginHomeLoan -->
      </class> <!-- test.Day4 -->
    </test> <!-- Home Loan -->
    <test started-at="2024-12-18T12:30:30 IST" name="Car Loan" finished-at="2024-12-18T12:30:30 IST" duration-ms="39">
      <class name="test.Day3">
        <test-method is-config="true" signature="Demo5()[pri:0, instance:test.Day3@12468a38]" started-at="2024-12-18T12:30:30 IST" name="Demo5" finished-at="2024-12-18T12:30:30 IST" duration-ms="0" status="PASS">
          <reporter-output>
          </reporter-output>
        </test-method> <!-- Demo5 -->
        <test-method signature="MobileLogInCarLoan(java.lang.String,java.lang.String)[pri:0, instance:test.Day3@12468a38]" started-at="2024-12-18T12:30:30 IST" name="MobileLogInCarLoan" finished-at="2024-12-18T12:30:30 IST" duration-ms="6" status="PASS">
          <params>
            <param index="0">
              <value>
                <![CDATA[www.facebook.com]]>
              </value>
            </param>
            <param index="1">
              <value>
                <![CDATA[1234567]]>
              </value>
            </param>
          </params>
          <reporter-output>
          </reporter-output>
        </test-method> <!-- MobileLogInCarLoan -->
        <test-method signature="MobileSignInCarLoan(java.lang.String,java.lang.String)[pri:0, instance:test.Day3@12468a38]" started-at="2024-12-18T12:30:30 IST" name="MobileSignInCarLoan" data-provider="getData" finished-at="2024-12-18T12:30:30 IST" duration-ms="1" status="PASS">
          <params>
            <param index="0">
              <value>
                <![CDATA[firstusername]]>
              </value>
            </param>
            <param index="1">
              <value>
                <![CDATA[firstpassword]]>
              </value>
            </param>
          </params>
          <reporter-output>
          </reporter-output>
        </test-method> <!-- MobileSignInCarLoan -->
        <test-method signature="MobileSignInCarLoan(java.lang.String,java.lang.String)[pri:0, instance:test.Day3@12468a38]" started-at="2024-12-18T12:30:30 IST" name="MobileSignInCarLoan" data-provider="getData" finished-at="2024-12-18T12:30:30 IST" duration-ms="0" status="PASS">
          <params>
            <param index="0">
              <value>
                <![CDATA[secondsetusername]]>
              </value>
            </param>
            <param index="1">
              <value>
                <![CDATA[secondpassword]]>
              </value>
            </param>
          </params>
          <reporter-output>
          </reporter-output>
        </test-method> <!-- MobileSignInCarLoan -->
        <test-method signature="MobileSignInCarLoan(java.lang.String,java.lang.String)[pri:0, instance:test.Day3@12468a38]" started-at="2024-12-18T12:30:30 IST" name="MobileSignInCarLoan" data-provider="getData" finished-at="2024-12-18T12:30:30 IST" duration-ms="0" status="PASS">
          <params>
            <param index="0">
              <value>
                <![CDATA[thirdusername]]>
              </value>
            </param>
            <param index="1">
              <value>
                <![CDATA[thirdpassword]]>
              </value>
            </param>
          </params>
          <reporter-output>
          </reporter-output>
        </test-method> <!-- MobileSignInCarLoan -->
        <test-method signature="MobileSignOutCarLoan()[pri:0, instance:test.Day3@12468a38]" started-at="2024-12-18T12:30:30 IST" name="MobileSignOutCarLoan" finished-at="2024-12-18T12:30:30 IST" duration-ms="1" status="PASS">
          <reporter-output>
          </reporter-output>
        </test-method> <!-- MobileSignOutCarLoan -->
      </class> <!-- test.Day3 -->
    </test> <!-- Car Loan -->
    <test started-at="2024-12-18T12:30:30 IST" name="Personal Loan" finished-at="2024-12-18T12:30:30 IST" duration-ms="43">
      <class name="test.Day1">
        <test-method signature="Demo()[pri:0, instance:test.Day1@28eaa59a]" started-at="2024-12-18T12:30:30 IST" name="Demo" finished-at="2024-12-18T12:30:30 IST" duration-ms="6" status="PASS">
          <reporter-output>
          </reporter-output>
        </test-method> <!-- Demo -->
        <test-method signature="Demo1()[pri:0, instance:test.Day1@28eaa59a]" started-at="2024-12-18T12:30:30 IST" name="Demo1" finished-at="2024-12-18T12:30:30 IST" duration-ms="2" status="PASS">
          <reporter-output>
          </reporter-output>
        </test-method> <!-- Demo1 -->
        <test-method signature="Demo1_1()[pri:0, instance:test.Day1@28eaa59a]" started-at="2024-12-18T12:30:30 IST" name="Demo1_1" finished-at="2024-12-18T12:30:30 IST" duration-ms="3" status="FAIL">
          <exception class="java.lang.AssertionError">
            <message>
              <![CDATA[expected [true] but found [false]]]>
            </message>
            <full-stacktrace>
              <![CDATA[java.lang.AssertionError: expected [true] but found [false]
at org.testng.Assert.fail(Assert.java:99)
at org.testng.Assert.failNotEquals(Assert.java:1037)
at org.testng.Assert.assertTrue(Assert.java:45)
at org.testng.Assert.assertTrue(Assert.java:55)
at test.Day1.Demo1_1(Day1.java:27)
at java.base/jdk.internal.reflect.DirectMethodHandleAccessor.invoke(DirectMethodHandleAccessor.java:103)
at java.base/java.lang.reflect.Method.invoke(Method.java:580)
at org.testng.internal.MethodInvocationHelper.invokeMethod(MethodInvocationHelper.java:133)
at org.testng.internal.TestInvoker.invokeMethod(TestInvoker.java:598)
at org.testng.internal.TestInvoker.invokeTestMethod(TestInvoker.java:173)
at org.testng.internal.MethodRunner.runInSequence(MethodRunner.java:46)
at org.testng.internal.TestInvoker$MethodInvocationAgent.invoke(TestInvoker.java:824)
at org.testng.internal.TestInvoker.invokeTestMethods(TestInvoker.java:146)
at org.testng.internal.TestMethodWorker.invokeTestMethods(TestMethodWorker.java:146)
at org.testng.internal.TestMethodWorker.run(TestMethodWorker.java:128)
at java.base/java.util.ArrayList.forEach(ArrayList.java:1596)
at org.testng.TestRunner.privateRun(TestRunner.java:794)
at org.testng.TestRunner.run(TestRunner.java:596)
at org.testng.SuiteRunner.runTest(SuiteRunner.java:377)
at org.testng.SuiteRunner.access$000(SuiteRunner.java:28)
at org.testng.SuiteRunner$SuiteWorker.run(SuiteRunner.java:418)
at org.testng.internal.thread.ThreadUtil.lambda$execute$0(ThreadUtil.java:64)
at java.base/java.util.concurrent.FutureTask.run(FutureTask.java:317)
at java.base/java.util.concurrent.ThreadPoolExecutor.runWorker(ThreadPoolExecutor.java:1144)
at java.base/java.util.concurrent.ThreadPoolExecutor$Worker.run(ThreadPoolExecutor.java:642)
at java.base/java.lang.Thread.run(Thread.java:1583)
]]>
            </full-stacktrace>
          </exception> <!-- java.lang.AssertionError -->
          <reporter-output>
          </reporter-output>
        </test-method> <!-- Demo1_1 -->
      </class> <!-- test.Day1 -->
      <class name="test.Day2">
        <test-method is-config="true" signature="Demo5()[pri:0, instance:test.Day2@619713e5]" started-at="2024-12-18T12:30:30 IST" name="Demo5" finished-at="2024-12-18T12:30:30 IST" duration-ms="0" status="PASS">
          <reporter-output>
          </reporter-output>
        </test-method> <!-- Demo5 -->
        <test-method is-config="true" signature="ItsbeforeMethod()[pri:0, instance:test.Day2@619713e5]" started-at="2024-12-18T12:30:30 IST" name="ItsbeforeMethod" finished-at="2024-12-18T12:30:30 IST" duration-ms="0" status="PASS">
          <reporter-output>
          </reporter-output>
        </test-method> <!-- ItsbeforeMethod -->
        <test-method is-config="true" signature="Itsbeforeclass()[pri:0, instance:test.Day2@619713e5]" started-at="2024-12-18T12:30:30 IST" name="Itsbeforeclass" finished-at="2024-12-18T12:30:30 IST" duration-ms="0" status="PASS">
          <reporter-output>
          </reporter-output>
        </test-method> <!-- Itsbeforeclass -->
        <test-method signature="Demo3()[pri:0, instance:test.Day2@619713e5]" started-at="2024-12-18T12:30:30 IST" name="Demo3" finished-at="2024-12-18T12:30:30 IST" duration-ms="2" status="PASS">
          <reporter-output>
          </reporter-output>
        </test-method> <!-- Demo3 -->
        <test-method is-config="true" signature="ItsbeforeMethod()[pri:0, instance:test.Day2@619713e5]" started-at="2024-12-18T12:30:30 IST" name="ItsbeforeMethod" finished-at="2024-12-18T12:30:30 IST" duration-ms="1" status="PASS">
          <reporter-output>
          </reporter-output>
        </test-method> <!-- ItsbeforeMethod -->
        <test-method signature="Demo4()[pri:0, instance:test.Day2@619713e5]" started-at="2024-12-18T12:30:30 IST" name="Demo4" finished-at="2024-12-18T12:30:30 IST" duration-ms="0" status="PASS">
          <reporter-output>
          </reporter-output>
        </test-method> <!-- Demo4 -->
        <test-method is-config="true" signature="Itsafterclass()[pri:0, instance:test.Day2@619713e5]" started-at="2024-12-18T12:30:30 IST" name="Itsafterclass" finished-at="2024-12-18T12:30:30 IST" duration-ms="0" status="PASS">
          <reporter-output>
          </reporter-output>
        </test-method> <!-- Itsafterclass -->
      </class> <!-- test.Day2 -->
    </test> <!-- Personal Loan -->
  </suite> <!-- Loan Department -->
</testng-results>
