<?xml version="1.0" encoding="UTF-8"?>
<!-- Generated by org.testng.reporters.JUnitReportReporter -->
<testsuite hostname="LAPTOP-K5OJ0UBF" failures="0" tests="5" name="test.Day3" time="0.008" errors="0" timestamp="2024-12-18T12:30:30 IST" skipped="0">
  <testcase classname="test.Day3" name="MobileSignInCarLoan" time="0.001"/>
  <system-out/>
  <testcase classname="test.Day3" name="MobileSignOutCarLoan" time="0.001"/>
  <system-out/>
  <testcase classname="test.Day3" name="MobileLogInCarLoan" time="0.006"/>
  <system-out/>
  <testcase classname="test.Day3" name="MobileSignInCarLoan" time="0.000"/>
  <system-out/>
  <testcase classname="test.Day3" name="MobileSignInCarLoan" time="0.000"/>
  <system-out/>
</testsuite> <!-- test.Day3 -->
