<?xml version="1.0" encoding="UTF-8"?>
<!-- Generated by org.testng.reporters.JUnitReportReporter -->
<testsuite hostname="LAPTOP-K5OJ0UBF" failures="0" tests="3" name="test.Day4" time="0.007" errors="0" timestamp="2024-12-18T12:30:30 IST" skipped="0">
  <testcase classname="test.Day4" name="WebLoginHomeLoan" time="0.000"/>
  <system-out/>
  <testcase classname="test.Day4" name="MobileLogInHomeLoan" time="0.001"/>
  <system-out/>
  <testcase classname="test.Day4" name="LoginAPIHomeLoan" time="0.006"/>
  <system-out/>
</testsuite> <!-- test.Day4 -->
