<?xml version="1.0" encoding="UTF-8"?>
<!-- Generated by org.testng.reporters.JUnitReportReporter -->
<testsuite hostname="LAPTOP-K5OJ0UBF" failures="0" tests="5" name="test.Day3" time="0.010" errors="0" timestamp="2025-11-07T16:22:34 IST" skipped="0">
  <testcase classname="test.Day3" name="MobileSignInCarLoan" time="0.001"/>
  <testcase classname="test.Day3" name="MobileSignInCarLoan" time="0.000"/>
  <testcase classname="test.Day3" name="MobileLogInCarLoan" time="0.007"/>
  <testcase classname="test.Day3" name="MobileSignInCarLoan" time="0.001"/>
  <testcase classname="test.Day3" name="MobileSignOutCarLoan" time="0.001"/>
</testsuite> <!-- test.Day3 -->
